This file contains any messages produced by compilers while
running configure, to aid debugging if configure makes a mistake.

It was created by binutils configure 2.25, which was
generated by GNU Autoconf 2.64.  Invocation command line was

  $ /home/padawan/fhnw-tinl-code/devel/gcc/binutils-2.25/binutils/configure --cache-file=./config.cache --with-gnu-as --with-gnu-ld --with-system-zlib --prefix=/home/padawan/fhnw-tinl-code/own-tc --without-libiberty --with-sysroot=/home/padawan/fhnw-tinl-code/12-toolchain/target --disable-libiberfty --disable-nls --disable-werror --program-transform-name=s&^&armv6l-unknown-linux-gnueabihf-& --disable-option-checking --build=x86_64-unknown-linux-gnu --host=x86_64-unknown-linux-gnu --target=armv6l-unknown-linux-gnueabihf --srcdir=/home/padawan/fhnw-tinl-code/devel/gcc/binutils-2.25/binutils

## --------- ##
## Platform. ##
## --------- ##

hostname = Obi-Wan-Kenobi
uname -m = x86_64
uname -r = 3.13.0-45-generic
uname -s = Linux
uname -v = #74-Ubuntu SMP Tue Jan 13 19:36:28 UTC 2015

/usr/bin/uname -p = unknown
/bin/uname -X     = unknown

/bin/arch              = unknown
/usr/bin/arch -k       = unknown
/usr/convex/getsysinfo = unknown
/usr/bin/hostinfo      = unknown
/bin/machine           = unknown
/usr/bin/oslevel       = unknown
/bin/universe          = unknown

PATH: /usr/local/sbin
PATH: /usr/local/bin
PATH: /usr/sbin
PATH: /usr/bin
PATH: /sbin
PATH: /bin
PATH: /usr/games
PATH: /usr/local/games


## ----------- ##
## Core tests. ##
## ----------- ##

configure:2204: loading cache ./config.cache
configure:2317: checking build system type
configure:2331: result: x86_64-unknown-linux-gnu
configure:2351: checking host system type
configure:2364: result: x86_64-unknown-linux-gnu
configure:2384: checking target system type
configure:2397: result: armv6l-unknown-linux-gnueabihf
configure:2431: checking for x86_64-unknown-linux-gnu-gcc
configure:2458: result: gcc
configure:2727: checking for C compiler version
configure:2736: gcc --version >&5
gcc (Ubuntu 4.8.2-19ubuntu1) 4.8.2
Copyright (C) 2013 Free Software Foundation, Inc.
This is free software; see the source for copying conditions.  There is NO
warranty; not even for MERCHANTABILITY or FITNESS FOR A PARTICULAR PURPOSE.

configure:2747: $? = 0
configure:2736: gcc -v >&5
Using built-in specs.
COLLECT_GCC=gcc
COLLECT_LTO_WRAPPER=/usr/lib/gcc/x86_64-linux-gnu/4.8/lto-wrapper
Target: x86_64-linux-gnu
Configured with: ../src/configure -v --with-pkgversion='Ubuntu 4.8.2-19ubuntu1' --with-bugurl=file:///usr/share/doc/gcc-4.8/README.Bugs --enable-languages=c,c++,java,go,d,fortran,objc,obj-c++ --prefix=/usr --program-suffix=-4.8 --enable-shared --enable-linker-build-id --libexecdir=/usr/lib --without-included-gettext --enable-threads=posix --with-gxx-include-dir=/usr/include/c++/4.8 --libdir=/usr/lib --enable-nls --with-sysroot=/ --enable-clocale=gnu --enable-libstdcxx-debug --enable-libstdcxx-time=yes --enable-gnu-unique-object --disable-libmudflap --enable-plugin --with-system-zlib --disable-browser-plugin --enable-java-awt=gtk --enable-gtk-cairo --with-java-home=/usr/lib/jvm/java-1.5.0-gcj-4.8-amd64/jre --enable-java-home --with-jvm-root-dir=/usr/lib/jvm/java-1.5.0-gcj-4.8-amd64 --with-jvm-jar-dir=/usr/lib/jvm-exports/java-1.5.0-gcj-4.8-amd64 --with-arch-directory=amd64 --with-ecj-jar=/usr/share/java/eclipse-ecj.jar --enable-objc-gc --enable-multiarch --disable-werror --with-arch-32=i686 --with-abi=m64 --with-multilib-list=m32,m64,mx32 --with-tune=generic --enable-checking=release --build=x86_64-linux-gnu --host=x86_64-linux-gnu --target=x86_64-linux-gnu
Thread model: posix
gcc version 4.8.2 (Ubuntu 4.8.2-19ubuntu1) 
configure:2747: $? = 0
configure:2736: gcc -V >&5
gcc: error: unrecognized command line option '-V'
gcc: fatal error: no input files
compilation terminated.
configure:2747: $? = 4
configure:2736: gcc -qversion >&5
gcc: error: unrecognized command line option '-qversion'
gcc: fatal error: no input files
compilation terminated.
configure:2747: $? = 4
configure:2767: checking for C compiler default output file name
configure:2789: gcc -g -O2  -static-libstdc++ -static-libgcc  conftest.c  >&5
configure:2793: $? = 0
configure:2830: result: a.out
configure:2846: checking whether the C compiler works
configure:2855: ./a.out
configure:2859: $? = 0
configure:2874: result: yes
configure:2881: checking whether we are cross compiling
configure:2883: result: no
configure:2886: checking for suffix of executables
configure:2893: gcc -o conftest -g -O2  -static-libstdc++ -static-libgcc  conftest.c  >&5
configure:2897: $? = 0
configure:2919: result: 
configure:2925: checking for suffix of object files
configure:2972: result: o
configure:2976: checking whether we are using the GNU C compiler
configure:3004: result: yes
configure:3013: checking whether gcc accepts -g
configure:3074: result: yes
configure:3091: checking for gcc option to accept ISO C89
configure:3168: result: none needed
configure:3189: checking for library containing strerror
configure:3237: result: none required
configure:3262: checking for a BSD-compatible install
configure:3330: result: /usr/bin/install -c
configure:3341: checking whether build environment is sane
configure:3391: result: yes
configure:3532: checking for a thread-safe mkdir -p
configure:3571: result: /bin/mkdir -p
configure:3584: checking for gawk
configure:3611: result: mawk
configure:3622: checking whether make sets $(MAKE)
configure:3644: result: yes
configure:3674: checking for style of include used by make
configure:3702: result: GNU
configure:3787: checking dependency style of gcc
configure:3897: result: gcc3
configure:3922: checking for x86_64-unknown-linux-gnu-gcc
configure:3949: result: gcc
configure:4218: checking for C compiler version
configure:4227: gcc --version >&5
gcc (Ubuntu 4.8.2-19ubuntu1) 4.8.2
Copyright (C) 2013 Free Software Foundation, Inc.
This is free software; see the source for copying conditions.  There is NO
warranty; not even for MERCHANTABILITY or FITNESS FOR A PARTICULAR PURPOSE.

configure:4238: $? = 0
configure:4227: gcc -v >&5
Using built-in specs.
COLLECT_GCC=gcc
COLLECT_LTO_WRAPPER=/usr/lib/gcc/x86_64-linux-gnu/4.8/lto-wrapper
Target: x86_64-linux-gnu
Configured with: ../src/configure -v --with-pkgversion='Ubuntu 4.8.2-19ubuntu1' --with-bugurl=file:///usr/share/doc/gcc-4.8/README.Bugs --enable-languages=c,c++,java,go,d,fortran,objc,obj-c++ --prefix=/usr --program-suffix=-4.8 --enable-shared --enable-linker-build-id --libexecdir=/usr/lib --without-included-gettext --enable-threads=posix --with-gxx-include-dir=/usr/include/c++/4.8 --libdir=/usr/lib --enable-nls --with-sysroot=/ --enable-clocale=gnu --enable-libstdcxx-debug --enable-libstdcxx-time=yes --enable-gnu-unique-object --disable-libmudflap --enable-plugin --with-system-zlib --disable-browser-plugin --enable-java-awt=gtk --enable-gtk-cairo --with-java-home=/usr/lib/jvm/java-1.5.0-gcj-4.8-amd64/jre --enable-java-home --with-jvm-root-dir=/usr/lib/jvm/java-1.5.0-gcj-4.8-amd64 --with-jvm-jar-dir=/usr/lib/jvm-exports/java-1.5.0-gcj-4.8-amd64 --with-arch-directory=amd64 --with-ecj-jar=/usr/share/java/eclipse-ecj.jar --enable-objc-gc --enable-multiarch --disable-werror --with-arch-32=i686 --with-abi=m64 --with-multilib-list=m32,m64,mx32 --with-tune=generic --enable-checking=release --build=x86_64-linux-gnu --host=x86_64-linux-gnu --target=x86_64-linux-gnu
Thread model: posix
gcc version 4.8.2 (Ubuntu 4.8.2-19ubuntu1) 
configure:4238: $? = 0
configure:4227: gcc -V >&5
gcc: error: unrecognized command line option '-V'
gcc: fatal error: no input files
compilation terminated.
configure:4238: $? = 4
configure:4227: gcc -qversion >&5
gcc: error: unrecognized command line option '-qversion'
gcc: fatal error: no input files
compilation terminated.
configure:4238: $? = 4
configure:4242: checking whether we are using the GNU C compiler
configure:4270: result: yes
configure:4279: checking whether gcc accepts -g
configure:4340: result: yes
configure:4357: checking for gcc option to accept ISO C89
configure:4434: result: none needed
configure:4459: checking how to run the C preprocessor
configure:4529: result: gcc -E
configure:4549: gcc -E  conftest.c
configure:4549: $? = 0
configure:4563: gcc -E  conftest.c
conftest.c:11:28: fatal error: ac_nonexistent.h: No such file or directory
 #include <ac_nonexistent.h>
                            ^
compilation terminated.
configure:4563: $? = 1
configure: failed program was:
| /* confdefs.h */
| #define PACKAGE_NAME "binutils"
| #define PACKAGE_TARNAME "binutils"
| #define PACKAGE_VERSION "2.25"
| #define PACKAGE_STRING "binutils 2.25"
| #define PACKAGE_BUGREPORT ""
| #define PACKAGE_URL ""
| #define PACKAGE "binutils"
| #define VERSION "2.25"
| /* end confdefs.h.  */
| #include <ac_nonexistent.h>
configure:4592: checking for grep that handles long lines and -e
configure:4650: result: /bin/grep
configure:4655: checking for egrep
configure:4717: result: /bin/grep -E
configure:4722: checking for ANSI C header files
configure:4826: result: yes
configure:4839: checking for sys/types.h
configure:4839: result: yes
configure:4839: checking for sys/stat.h
configure:4839: result: yes
configure:4839: checking for stdlib.h
configure:4839: result: yes
configure:4839: checking for string.h
configure:4839: result: yes
configure:4839: checking for memory.h
configure:4839: result: yes
configure:4839: checking for strings.h
configure:4839: result: yes
configure:4839: checking for inttypes.h
configure:4839: result: yes
configure:4839: checking for stdint.h
configure:4839: result: yes
configure:4839: checking for unistd.h
configure:4839: result: yes
configure:4853: checking for minix/config.h
configure:4853: result: no
configure:4874: checking whether it is safe to define __EXTENSIONS__
configure:4899: result: yes
configure:4962: checking how to print strings
configure:4989: result: printf
configure:5010: checking for a sed that does not truncate output
configure:5074: result: /bin/sed
configure:5092: checking for fgrep
configure:5154: result: /bin/grep -F
configure:5189: checking for ld used by gcc
configure:5256: result: ld
configure:5263: checking if the linker (ld) is GNU ld
configure:5278: result: yes
configure:5290: checking for BSD- or MS-compatible name lister (nm)
configure:5339: result: nm
configure:5469: checking the name lister (nm) interface
configure:5489: result: BSD nm
configure:5492: checking whether ln -s works
configure:5496: result: yes
configure:5504: checking the maximum length of command line arguments
configure:5629: result: 3458764513820540925
configure:5646: checking whether the shell understands some XSI constructs
configure:5656: result: yes
configure:5660: checking whether the shell understands "+="
configure:5666: result: yes
configure:5701: checking for ld option to reload object files
configure:5708: result: -r
configure:5737: checking for x86_64-unknown-linux-gnu-objdump
configure:5764: result: objdump
configure:5836: checking how to recognize dependent libraries
configure:6037: result: pass_all
configure:6057: checking for x86_64-unknown-linux-gnu-ar
configure:6084: result: ar
configure:6162: checking for x86_64-unknown-linux-gnu-strip
configure:6192: result: no
configure:6202: checking for strip
configure:6229: result: strip
configure:6261: checking for x86_64-unknown-linux-gnu-ranlib
configure:6288: result: ranlib
configure:6430: checking command to parse nm output from gcc object
configure:6653: result: ok
configure:6748: gcc -c -g -O2  conftest.c >&5
configure:6751: $? = 0
configure:7501: checking for dlfcn.h
configure:7501: result: yes
configure:7688: checking for objdir
configure:7703: result: .libs
configure:7974: checking if gcc supports -fno-rtti -fno-exceptions
configure:8009: result: no
configure:8029: checking for gcc option to produce PIC
configure:8315: result: -fPIC -DPIC
configure:8327: checking if gcc PIC flag -fPIC -DPIC works
configure:8362: result: yes
configure:8386: checking if gcc static flag -static works
configure:8414: result: yes
configure:8429: checking if gcc supports -c -o file.o
configure:8476: result: yes
configure:8484: checking if gcc supports -c -o file.o
configure:8531: result: yes
configure:8564: checking whether the gcc linker (ld -m elf_x86_64) supports shared libraries
configure:9635: result: yes
configure:9672: checking whether -lc should be explicitly linked in
configure:9715: result: no
configure:9880: checking dynamic linker characteristics
configure:10553: result: GNU/Linux ld.so
configure:10660: checking how to hardcode library paths into programs
configure:10685: result: immediate
configure:11225: checking whether stripping libraries is possible
configure:11230: result: yes
configure:11265: checking if libtool supports shared libraries
configure:11267: result: yes
configure:11270: checking whether to build shared libraries
configure:11291: result: yes
configure:11294: checking whether to build static libraries
configure:11298: result: yes
configure:11346: checking for dlfcn.h
configure:11346: result: yes
configure:11359: checking for windows.h
configure:11359: result: no
configure:11386: checking for library containing dlopen
configure:11434: result: -ldl
configure:11465: checking for special C compiler options needed for large files
configure:11510: result: no
configure:11516: checking for _FILE_OFFSET_BITS value needed for large files
configure:11573: result: no
configure:11799: checking for bison
configure:11826: result: bison -y
configure:11842: checking for flex
configure:11869: result: /home/padawan/fhnw-tinl-code/devel/gcc/binutils-2.25/missing flex
configure:11906: /home/padawan/fhnw-tinl-code/devel/gcc/binutils-2.25/missing flex conftest.l
WARNING: `flex' is missing on your system.  You should only need it if
         you modified a `.l' file.  You may need the `Flex' package
         in order for those modifications to take effect.  You can get
         `Flex' from any GNU archive site.
configure:11910: $? = 0
configure:11912: checking lex output file root
configure:11926: result: lex.yy
configure:11931: checking lex library
configure:11955: result: 
configure:11961: checking whether yytext is a pointer
configure:11985: result: yes
configure:12013: checking whether NLS is requested
configure:12016: result: no
configure:12084: checking whether NLS is requested
configure:12093: result: no
configure:12131: checking for msgfmt
configure:12162: result: /usr/bin/msgfmt
configure:12171: checking for gmsgfmt
configure:12202: result: /usr/bin/msgfmt
configure:12242: checking for xgettext
configure:12273: result: /usr/bin/xgettext
configure:12313: checking for msgmerge
configure:12343: result: /usr/bin/msgmerge
configure:12380: checking whether to enable maintainer-specific portions of Makefiles
configure:12389: result: no
configure:12434: checking for x86_64-unknown-linux-gnu-ranlib
configure:12461: result: ranlib
configure:12573: checking for string.h
configure:12573: result: yes
configure:12573: checking for strings.h
configure:12573: result: yes
configure:12573: checking for stdlib.h
configure:12573: result: yes
configure:12573: checking for unistd.h
configure:12573: result: yes
configure:12573: checking for fcntl.h
configure:12573: result: yes
configure:12573: checking for sys/file.h
configure:12573: result: yes
configure:12573: checking for limits.h
configure:12573: result: yes
configure:12573: checking for locale.h
configure:12573: result: yes
configure:12573: checking for sys/param.h
configure:12573: result: yes
configure:12573: checking for wchar.h
configure:12573: result: yes
configure:12584: checking for sys/wait.h that is POSIX.1 compatible
configure:12617: result: yes
configure:12625: checking whether string.h and strings.h may both be included
configure:12649: result: yes
configure:12659: checking for working alloca.h
configure:12684: result: yes
configure:12692: checking for alloca
configure:12737: result: yes
configure:12850: checking for sbrk
configure:12850: result: yes
configure:12850: checking for utimes
configure:12850: result: yes
configure:12850: checking for setmode
configure:12850: result: no
configure:12850: checking for getc_unlocked
configure:12850: result: yes
configure:12850: checking for strcoll
configure:12850: result: yes
configure:12850: checking for setlocale
configure:12850: result: yes
configure:12860: checking for mkstemp
configure:12860: result: yes
configure:12867: checking for mkdtemp
configure:12867: result: yes
configure:12874: checking for mbstate_t
configure:12887: gcc -c -g -O2  conftest.c >&5
configure:12887: $? = 0
configure:12893: result: yes
configure:12902: checking for library containing frexp
configure:12950: result: none required
configure:12960: checking for LC_MESSAGES
configure:12984: result: yes
configure:12993: checking for time_t in time.h
configure:13017: result: yes
configure:13025: checking for time_t in sys/types.h
configure:13049: result: yes
configure:13057: checking for a known getopt prototype in unistd.h
configure:13081: result: yes
configure:13091: checking for utime.h
configure:13119: result: yes
configure:13127: checking whether environ is declared
configure:13127: result: yes
configure:13137: checking whether fprintf is declared
configure:13137: result: yes
configure:13147: checking whether getc_unlocked is declared
configure:13147: result: yes
configure:13157: checking whether getenv is declared
configure:13157: result: yes
configure:13167: checking whether sbrk is declared
configure:13167: result: yes
configure:13177: checking whether snprintf is declared
configure:13177: result: yes
configure:13187: checking whether stpcpy is declared
configure:13187: result: yes
configure:13197: checking whether strnlen is declared
configure:13197: result: yes
configure:13207: checking whether strstr is declared
configure:13207: result: yes
configure:13217: checking whether vsnprintf is declared
configure:13217: result: yes
configure:13244: checking for library containing zlibVersion
configure:13292: result: -lz
configure:13299: checking for zlib.h
configure:13299: result: yes
configure:13341: checking for iconv.h
configure:13341: result: yes
configure:13387: checking for ld used by GCC
configure:13450: result: ld -m elf_x86_64
configure:13457: checking if the linker (ld -m elf_x86_64) is GNU ld
configure:13469: result: yes
configure:13475: checking for shared library run path origin
configure:13488: result: done
configure:13918: checking for iconv
configure:13972: result: yes
configure:13993: checking for iconv declaration
configure:14033: result: install-shextern size_t iconv (iconv_t cd, char * *inbuf, size_t *inbytesleft, char * *outbuf, size_t *outbytesleft);
configure:14450: creating ./config.status

## ---------------------- ##
## Running config.status. ##
## ---------------------- ##

This file was extended by binutils config.status 2.25, which was
generated by GNU Autoconf 2.64.  Invocation command line was

  CONFIG_FILES    = 
  CONFIG_HEADERS  = 
  CONFIG_LINKS    = 
  CONFIG_COMMANDS = 
  $ ./config.status 

on Obi-Wan-Kenobi

config.status:1175: creating Makefile
config.status:1175: creating doc/Makefile
config.status:1175: creating po/Makefile.in
config.status:1175: creating config.h
config.status:1340: config.h is unchanged
config.status:1388: executing depfiles commands
config.status:1388: executing libtool commands
config.status:1388: executing default-1 commands

## ---------------- ##
## Cache variables. ##
## ---------------- ##

ac_cv_build=x86_64-unknown-linux-gnu
ac_cv_c_compiler_gnu=yes
ac_cv_env_CC_set=set
ac_cv_env_CC_value=gcc
ac_cv_env_CFLAGS_set=set
ac_cv_env_CFLAGS_value='-g -O2'
ac_cv_env_CPPFLAGS_set=
ac_cv_env_CPPFLAGS_value=
ac_cv_env_CPP_set=
ac_cv_env_CPP_value=
ac_cv_env_LDFLAGS_set=set
ac_cv_env_LDFLAGS_value='-static-libstdc++ -static-libgcc '
ac_cv_env_LIBS_set=
ac_cv_env_LIBS_value=
ac_cv_env_YACC_set=set
ac_cv_env_YACC_value='bison -y'
ac_cv_env_YFLAGS_set=
ac_cv_env_YFLAGS_value=
ac_cv_env_build_alias_set=set
ac_cv_env_build_alias_value=x86_64-unknown-linux-gnu
ac_cv_env_host_alias_set=set
ac_cv_env_host_alias_value=x86_64-unknown-linux-gnu
ac_cv_env_target_alias_set=set
ac_cv_env_target_alias_value=armv6l-unknown-linux-gnueabihf
ac_cv_func_alloca_works=yes
ac_cv_func_getc_unlocked=yes
ac_cv_func_mkdtemp=yes
ac_cv_func_mkstemp=yes
ac_cv_func_sbrk=yes
ac_cv_func_setlocale=yes
ac_cv_func_setmode=no
ac_cv_func_strcoll=yes
ac_cv_func_utimes=yes
ac_cv_have_decl_environ=yes
ac_cv_have_decl_fprintf=yes
ac_cv_have_decl_getc_unlocked=yes
ac_cv_have_decl_getenv=yes
ac_cv_have_decl_sbrk=yes
ac_cv_have_decl_snprintf=yes
ac_cv_have_decl_stpcpy=yes
ac_cv_have_decl_strnlen=yes
ac_cv_have_decl_strstr=yes
ac_cv_have_decl_vsnprintf=yes
ac_cv_header_dlfcn_h=yes
ac_cv_header_fcntl_h=yes
ac_cv_header_iconv_h=yes
ac_cv_header_inttypes_h=yes
ac_cv_header_limits_h=yes
ac_cv_header_locale_h=yes
ac_cv_header_memory_h=yes
ac_cv_header_minix_config_h=no
ac_cv_header_stdc=yes
ac_cv_header_stdint_h=yes
ac_cv_header_stdlib_h=yes
ac_cv_header_string_h=yes
ac_cv_header_strings_h=yes
ac_cv_header_sys_file_h=yes
ac_cv_header_sys_param_h=yes
ac_cv_header_sys_stat_h=yes
ac_cv_header_sys_types_h=yes
ac_cv_header_sys_wait_h=yes
ac_cv_header_unistd_h=yes
ac_cv_header_wchar_h=yes
ac_cv_header_windows_h=no
ac_cv_header_zlib_h=yes
ac_cv_host=x86_64-unknown-linux-gnu
ac_cv_lib_lex=
ac_cv_objext=o
ac_cv_path_EGREP='/bin/grep -E'
ac_cv_path_FGREP='/bin/grep -F'
ac_cv_path_GMSGFMT=/usr/bin/msgfmt
ac_cv_path_GREP=/bin/grep
ac_cv_path_MSGFMT=/usr/bin/msgfmt
ac_cv_path_MSGMERGE=/usr/bin/msgmerge
ac_cv_path_SED=/bin/sed
ac_cv_path_XGETTEXT=/usr/bin/xgettext
ac_cv_path_mkdir=/bin/mkdir
ac_cv_prog_AR=ar
ac_cv_prog_AWK=mawk
ac_cv_prog_CC=gcc
ac_cv_prog_CPP='gcc -E'
ac_cv_prog_LEX='/home/padawan/fhnw-tinl-code/devel/gcc/binutils-2.25/missing flex'
ac_cv_prog_OBJDUMP=objdump
ac_cv_prog_RANLIB=ranlib
ac_cv_prog_YACC='bison -y'
ac_cv_prog_ac_ct_STRIP=strip
ac_cv_prog_cc_c89=
ac_cv_prog_cc_g=yes
ac_cv_prog_lex_root=lex.yy
ac_cv_prog_lex_yytext_pointer=yes
ac_cv_prog_make_make_set=yes
ac_cv_safe_to_define___extensions__=yes
ac_cv_search_dlopen=-ldl
ac_cv_search_frexp='none required'
ac_cv_search_strerror='none required'
ac_cv_search_zlibVersion=-lz
ac_cv_sys_file_offset_bits=no
ac_cv_sys_largefile_CC=no
ac_cv_target=armv6l-unknown-linux-gnueabihf
ac_cv_working_alloca_h=yes
acl_cv_hardcode_direct=no
acl_cv_hardcode_libdir_flag_spec='${wl}-rpath ${wl}$libdir'
acl_cv_hardcode_libdir_separator=
acl_cv_hardcode_minus_L=no
acl_cv_libext=a
acl_cv_path_LD='ld -m elf_x86_64'
acl_cv_prog_gnu_ld=yes
acl_cv_rpath=done
acl_cv_shlibext=so
acl_cv_wl=-Wl,
am_cv_CC_dependencies_compiler_type=gcc3
am_cv_func_iconv=yes
am_cv_lib_iconv=no
am_cv_proto_iconv='extern size_t iconv (iconv_t cd, char * *inbuf, size_t *inbytesleft, char * *outbuf, size_t *outbytesleft);'
am_cv_proto_iconv_arg1=
am_cv_val_LC_MESSAGES=yes
bu_cv_decl_getopt_unistd_h=yes
bu_cv_decl_time_t_time_h=yes
bu_cv_decl_time_t_types_h=yes
bu_cv_header_utime_h=yes
gcc_cv_header_string=yes
lt_cv_archive_cmds_need_lc=no
lt_cv_deplibs_check_method=pass_all
lt_cv_file_magic_cmd='$MAGIC_CMD'
lt_cv_file_magic_test_file=
lt_cv_ld_reload_flag=-r
lt_cv_nm_interface='BSD nm'
lt_cv_objdir=.libs
lt_cv_path_LD=ld
lt_cv_path_NM=nm
lt_cv_prog_compiler_c_o=yes
lt_cv_prog_compiler_pic_works=yes
lt_cv_prog_compiler_rtti_exceptions=no
lt_cv_prog_compiler_static_works=yes
lt_cv_prog_gnu_ld=yes
lt_cv_shlibpath_overrides_runpath=no
lt_cv_sys_global_symbol_pipe='sed -n -e '\''s/^.*[	 ]\([ABCDGIRSTW][ABCDGIRSTW]*\)[	 ][	 ]*\([_A-Za-z][_A-Za-z0-9]*\)$/\1 \2 \2/p'\'''
lt_cv_sys_global_symbol_to_c_name_address='sed -n -e '\''s/^: \([^ ]*\) $/  {\"\1\", (void *) 0},/p'\'' -e '\''s/^[ABCDGIRSTW]* \([^ ]*\) \([^ ]*\)$/  {"\2", (void *) \&\2},/p'\'''
lt_cv_sys_global_symbol_to_c_name_address_lib_prefix='sed -n -e '\''s/^: \([^ ]*\) $/  {\"\1\", (void *) 0},/p'\'' -e '\''s/^[ABCDGIRSTW]* \([^ ]*\) \(lib[^ ]*\)$/  {"\2", (void *) \&\2},/p'\'' -e '\''s/^[ABCDGIRSTW]* \([^ ]*\) \([^ ]*\)$/  {"lib\2", (void *) \&\2},/p'\'''
lt_cv_sys_global_symbol_to_cdecl='sed -n -e '\''s/^T .* \(.*\)$/extern int \1();/p'\'' -e '\''s/^[ABCDGIRSTW]* .* \(.*\)$/extern char \1;/p'\'''
lt_cv_sys_max_cmd_len=3458764513820540925

## ----------------- ##
## Output variables. ##
## ----------------- ##

ACLOCAL='${SHELL} /home/padawan/fhnw-tinl-code/devel/gcc/binutils-2.25/missing --run aclocal-1.11'
ALLOCA=''
AMDEPBACKSLASH='\'
AMDEP_FALSE='#'
AMDEP_TRUE=''
AMTAR='${SHELL} /home/padawan/fhnw-tinl-code/devel/gcc/binutils-2.25/missing --run tar'
AR='ar'
AUTOCONF='${SHELL} /home/padawan/fhnw-tinl-code/devel/gcc/binutils-2.25/missing --run autoconf'
AUTOHEADER='${SHELL} /home/padawan/fhnw-tinl-code/devel/gcc/binutils-2.25/missing --run autoheader'
AUTOMAKE='${SHELL} /home/padawan/fhnw-tinl-code/devel/gcc/binutils-2.25/missing --run automake-1.11'
AWK='mawk'
BUILD_DLLTOOL=''
BUILD_DLLWRAP=''
BUILD_INSTALL_MISC=''
BUILD_MISC=''
BUILD_NLMCONV=''
BUILD_SRCONV=''
BUILD_WINDMC=''
BUILD_WINDRES=''
CATALOGS=''
CATOBJEXT=''
CC='gcc'
CCDEPMODE='depmode=gcc3'
CC_FOR_BUILD='gcc'
CFLAGS='-g -O2'
CPP='gcc -E'
CPPFLAGS=''
CYGPATH_W='echo'
DATADIRNAME=''
DEFS='-DHAVE_CONFIG_H'
DEMANGLER_NAME='c++filt'
DEPDIR='.deps'
DLLTOOL_DEFS=' '
DSYMUTIL=''
DUMPBIN=''
ECHO_C=''
ECHO_N='-n'
ECHO_T=''
EGREP='/bin/grep -E'
EMULATION='vanilla'
EMULATION_VECTOR='bin_vanilla_emulation'
EXEEXT=''
EXEEXT_FOR_BUILD='$(EXEEXT)'
FGREP='/bin/grep -F'
GENCAT=''
GENINSRC_NEVER_FALSE=''
GENINSRC_NEVER_TRUE='#'
GMSGFMT='/usr/bin/msgfmt'
GREP='/bin/grep'
HDEFINES=''
INCINTL=''
INSTALL_DATA='/usr/bin/install -c -m 644'
INSTALL_PROGRAM='/usr/bin/install -c'
INSTALL_SCRIPT='/usr/bin/install -c'
INSTALL_STRIP_PROGRAM='$(install_sh) -c -s'
INSTOBJEXT=''
LD='ld -m elf_x86_64'
LDFLAGS='-static-libstdc++ -static-libgcc '
LEX='/home/padawan/fhnw-tinl-code/devel/gcc/binutils-2.25/missing flex'
LEXLIB=''
LEX_OUTPUT_ROOT='lex.yy'
LIBICONV=''
LIBINTL=''
LIBINTL_DEP=''
LIBOBJS=''
LIBS='-lz -ldl '
LIBTOOL='$(SHELL) $(top_builddir)/libtool'
LIPO=''
LN_S='ln -s'
LTLIBICONV=''
LTLIBOBJS=''
MAINT='#'
MAINTAINER_MODE_FALSE=''
MAINTAINER_MODE_TRUE='#'
MAKEINFO='/home/padawan/fhnw-tinl-code/devel/gcc/binutils-2.25/missing makeinfo --split-size=5000000'
MKDIR_P='/bin/mkdir -p'
MKINSTALLDIRS='/home/padawan/fhnw-tinl-code/devel/gcc/binutils-2.25/binutils/../mkinstalldirs'
MSGFMT='/usr/bin/msgfmt'
MSGMERGE='/usr/bin/msgmerge'
NLMCONV_DEFS=''
NM='nm'
NMEDIT=''
NO_WERROR=''
OBJDUMP='objdump'
OBJDUMP_DEFS=' -DOBJDUMP_PRIVATE_VECTORS=""'
OBJDUMP_PRIVATE_OFILES=''
OBJEXT='o'
OTOOL64=''
OTOOL=''
PACKAGE='binutils'
PACKAGE_BUGREPORT=''
PACKAGE_NAME='binutils'
PACKAGE_STRING='binutils 2.25'
PACKAGE_TARNAME='binutils'
PACKAGE_URL=''
PACKAGE_VERSION='2.25'
PATH_SEPARATOR=':'
POSUB=''
RANLIB='ranlib'
SED='/bin/sed'
SET_MAKE=''
SHELL='/bin/bash'
STRIP='strip'
USE_NLS='no'
VERSION='2.25'
WARN_CFLAGS='-W -Wall -Wstrict-prototypes -Wmissing-prototypes -Wshadow'
XGETTEXT='/usr/bin/xgettext'
YACC='bison -y'
YFLAGS=''
ac_ct_CC=''
ac_ct_DUMPBIN=''
am__EXEEXT_FALSE=''
am__EXEEXT_TRUE='#'
am__fastdepCC_FALSE='#'
am__fastdepCC_TRUE=''
am__include='include'
am__isrc=' -I$(srcdir)'
am__leading_dot='.'
am__quote=''
am__tar='${AMTAR} chof - "$$tardir"'
am__untar='${AMTAR} xf -'
bindir='${exec_prefix}/bin'
build='x86_64-unknown-linux-gnu'
build_alias='x86_64-unknown-linux-gnu'
build_cpu='x86_64'
build_os='linux-gnu'
build_vendor='unknown'
datadir='${datarootdir}'
datarootdir='${prefix}/share'
docdir='${datarootdir}/doc/${PACKAGE_TARNAME}'
dvidir='${docdir}'
exec_prefix='${prefix}'
host='x86_64-unknown-linux-gnu'
host_alias='x86_64-unknown-linux-gnu'
host_cpu='x86_64'
host_os='linux-gnu'
host_vendor='unknown'
htmldir='${docdir}'
includedir='${prefix}/include'
infodir='${datarootdir}/info'
install_sh='${SHELL} /home/padawan/fhnw-tinl-code/devel/gcc/binutils-2.25/install-sh'
libdir='${exec_prefix}/lib'
libexecdir='${exec_prefix}/libexec'
localedir='${datarootdir}/locale'
localstatedir='${prefix}/var'
mandir='${datarootdir}/man'
mkdir_p='/bin/mkdir -p'
oldincludedir='/usr/include'
pdfdir='${docdir}'
prefix='/home/padawan/fhnw-tinl-code/own-tc'
program_transform_name='s&^&armv6l-unknown-linux-gnueabihf-&'
psdir='${docdir}'
sbindir='${exec_prefix}/sbin'
sharedstatedir='${prefix}/com'
sysconfdir='${prefix}/etc'
target='armv6l-unknown-linux-gnueabihf'
target_alias='armv6l-unknown-linux-gnueabihf'
target_cpu='armv6l'
target_os='linux-gnueabihf'
target_vendor='unknown'

## ----------- ##
## confdefs.h. ##
## ----------- ##

/* confdefs.h */
#define PACKAGE_NAME "binutils"
#define PACKAGE_TARNAME "binutils"
#define PACKAGE_VERSION "2.25"
#define PACKAGE_STRING "binutils 2.25"
#define PACKAGE_BUGREPORT ""
#define PACKAGE_URL ""
#define PACKAGE "binutils"
#define VERSION "2.25"
#define STDC_HEADERS 1
#define HAVE_SYS_TYPES_H 1
#define HAVE_SYS_STAT_H 1
#define HAVE_STDLIB_H 1
#define HAVE_STRING_H 1
#define HAVE_MEMORY_H 1
#define HAVE_STRINGS_H 1
#define HAVE_INTTYPES_H 1
#define HAVE_STDINT_H 1
#define HAVE_UNISTD_H 1
#define __EXTENSIONS__ 1
#define _ALL_SOURCE 1
#define _GNU_SOURCE 1
#define _POSIX_PTHREAD_SEMANTICS 1
#define _TANDEM_SOURCE 1
#define HAVE_DLFCN_H 1
#define LT_OBJDIR ".libs/"
#define HAVE_DLFCN_H 1
#define DEFAULT_AR_DETERMINISTIC 0
#define DEFAULT_STRINGS_ALL 1
#define YYTEXT_POINTER 1
#define EXECUTABLE_SUFFIX ""
#define HAVE_STRING_H 1
#define HAVE_STRINGS_H 1
#define HAVE_STDLIB_H 1
#define HAVE_UNISTD_H 1
#define HAVE_FCNTL_H 1
#define HAVE_SYS_FILE_H 1
#define HAVE_LIMITS_H 1
#define HAVE_LOCALE_H 1
#define HAVE_SYS_PARAM_H 1
#define HAVE_WCHAR_H 1
#define HAVE_SYS_WAIT_H 1
#define STRING_WITH_STRINGS 1
#define HAVE_ALLOCA_H 1
#define HAVE_ALLOCA 1
#define HAVE_SBRK 1
#define HAVE_UTIMES 1
#define HAVE_GETC_UNLOCKED 1
#define HAVE_STRCOLL 1
#define HAVE_SETLOCALE 1
#define HAVE_MKSTEMP 1
#define HAVE_MKDTEMP 1
#define HAVE_MBSTATE_T 1
#define HAVE_LC_MESSAGES 1
#define HAVE_TIME_T_IN_TIME_H 1
#define HAVE_TIME_T_IN_TYPES_H 1
#define HAVE_DECL_GETOPT 1
#define HAVE_GOOD_UTIME_H 1
#define HAVE_DECL_ENVIRON 1
#define HAVE_DECL_FPRINTF 1
#define HAVE_DECL_GETC_UNLOCKED 1
#define HAVE_DECL_GETENV 1
#define HAVE_DECL_SBRK 1
#define HAVE_DECL_SNPRINTF 1
#define HAVE_DECL_STPCPY 1
#define HAVE_DECL_STRNLEN 1
#define HAVE_DECL_STRSTR 1
#define HAVE_DECL_VSNPRINTF 1
#define HAVE_ZLIB_H 1
#define HAVE_ICONV 1
#define ICONV_CONST 
#define TARGET "armv6l-unknown-linux-gnueabihf"
#define TARGET_PREPENDS_UNDERSCORE 0

configure: exit 0
